#
# A fatal error has been detected by the Java Runtime Environment:
#
#  SIGSEGV (0xb) at pc=0x00007f26c2932401, pid=22950, tid=22967
#
# JRE version: OpenJDK Runtime Environment (11.0.8+10) (build 11.0.8+10-post-Ubuntu-0ubuntu118.04.1)
# Java VM: OpenJDK 64-Bit Server VM (11.0.8+10-post-Ubuntu-0ubuntu118.04.1, mixed mode, sharing, tiered, compressed oops, g1 gc, linux-amd64)
# Problematic frame:
# C  [libjimage.so+0x2401]
#
# Core dump will be written. Default location: Core dumps may be processed with "/usr/share/apport/apport %p %s %c %d %P %E" (or dumping to /home/mmiranda/eclipse-workspace2/profamiliasecurity/core.22950)
#
# If you would like to submit a bug report, please visit:
#   https://bugs.launchpad.net/ubuntu/+source/openjdk-lts
#

---------------  S U M M A R Y ------------

Command Line: -agentlib:jdwp=transport=dt_socket,suspend=y,address=localhost:36781 -ea -javaagent:/home/mmiranda/eclipse/jee-2020-09/eclipse/configuration/org.eclipse.osgi/401/0/.cp/lib/javaagent-shaded.jar -Dfile.encoding=UTF-8 org.eclipse.jdt.internal.junit.runner.RemoteTestRunner -version 3 -port 32839 -testLoaderClass org.eclipse.jdt.internal.junit4.runner.JUnit4TestLoader -loaderpluginname org.eclipse.jdt.junit4.runtime -classNames com.mvc.test.JPAProductDaoTests

Host: Intel(R) Core(TM) i3-2370M CPU @ 2.40GHz, 4 cores, 7G, Ubuntu 18.04.4 LTS
Time: Wed Oct 14 13:35:52 2020 -05 elapsed time: 20629 seconds (0d 5h 43m 49s)

---------------  T H R E A D  ---------------

Current thread (0x00007f26bc189800):  JavaThread "Signal Dispatcher" daemon [_thread_in_vm, id=22967, stack(0x00007f26958aa000,0x00007f26959ab000)]

Stack: [0x00007f26958aa000,0x00007f26959ab000],  sp=0x00007f26959a81e0,  free space=1016k
Native frames: (J=compiled Java code, A=aot compiled Java code, j=interpreted, Vv=VM code, C=native code)
C  [libjimage.so+0x2401]
C  [libjimage.so+0x30ea]
C  [libjimage.so+0x35c6]  JIMAGE_FindResource+0xd6
V  [libjvm.so+0x59097e]
V  [libjvm.so+0x5936e0]
V  [libjvm.so+0xd50b85]
V  [libjvm.so+0xd4e51a]
V  [libjvm.so+0xd51112]
V  [libjvm.so+0x645bed]
V  [libjvm.so+0x83f24c]
j  jdk.internal.misc.Signal.dispatch(I)V+25 java.base@11.0.8
v  ~StubRoutines::call_stub
V  [libjvm.so+0x84eb09]
V  [libjvm.so+0x84d8f5]
V  [libjvm.so+0xbc3d2c]
V  [libjvm.so+0xd8996f]
V  [libjvm.so+0xd860bf]
V  [libjvm.so+0xbd632e]

Java frames: (J=compiled Java code, j=interpreted, Vv=VM code)
j  jdk.internal.misc.Signal.dispatch(I)V+25 java.base@11.0.8
v  ~StubRoutines::call_stub

siginfo: si_signo: 11 (SIGSEGV), si_code: 1 (SEGV_MAPERR), si_addr: 0x00007f26b3914458

Register to memory mapping:

RAX=0x000000000000490f is an unknown value
RBX=0x00007f26959a8291 is pointing into the stack for thread: 0x00007f26bc189800
RCX=0x00007f26b390201c is an unknown value
RDX=0x000000000000490f is an unknown value
RSP=0x00007f26959a81e0 is pointing into the stack for thread: 0x00007f26bc189800
RBP=0x00007f26959a8200 is pointing into the stack for thread: 0x00007f26bc189800
RSI=0x00007f26959a8290 is pointing into the stack for thread: 0x00007f26bc189800
RDI=0x00007f26c2b35030: <offset 0x0000000000205030> in /usr/lib/jvm/java-11-openjdk-amd64/lib/libjimage.so at 0x00007f26c2930000
R8 =0x0 is NULL
R9 =0x0000000076100fa4 is an unknown value
R10=0x00007f26959a82b3 is pointing into the stack for thread: 0x00007f26bc189800
R11=0x00007f26c56d1720: <offset 0x00000000001af720> in /lib/x86_64-linux-gnu/libc.so.6 at 0x00007f26c5522000
R12=0x00007f26959a8290 is pointing into the stack for thread: 0x00007f26bc189800
R13=0x00000000000083bc is an unknown value
R14=0x00007f26959a9328 is pointing into the stack for thread: 0x00007f26bc189800
R15=0x00007f26bc18a230 points into unknown readable memory: 6a 64 6b 2f 69 6e 74 65


Registers:
RAX=0x000000000000490f, RBX=0x00007f26959a8291, RCX=0x00007f26b390201c, RDX=0x000000000000490f
RSP=0x00007f26959a81e0, RBP=0x00007f26959a8200, RSI=0x00007f26959a8290, RDI=0x00007f26c2b35030
R8 =0x0000000000000000, R9 =0x0000000076100fa4, R10=0x00007f26959a82b3, R11=0x00007f26c56d1720
R12=0x00007f26959a8290, R13=0x00000000000083bc, R14=0x00007f26959a9328, R15=0x00007f26bc18a230
RIP=0x00007f26c2932401, EFLAGS=0x0000000000010246, CSGSFS=0x002b000000000033, ERR=0x0000000000000004
  TRAPNO=0x000000000000000e

Top of Stack: (sp=0x00007f26959a81e0)
0x00007f26959a81e0:   0000000000000000 00007f26bc0095e0
0x00007f26959a81f0:   0000000000000000 00007f26959a8290
0x00007f26959a8200:   00007f26959a8270 00007f26c29330ea
0x00007f26959a8210:   ffffffffffffffff 0000000100000000 

Instructions: (pc=0x00007f26c2932401)
0x00007f26c2932301:   c5 4c 01 e3 48 89 ce e8 d3 f3 ff ff e9 69 fd ff
0x00007f26c2932311:   ff 89 d1 0f b7 74 08 fe 66 41 89 74 0e fe e9 7a
0x00007f26c2932321:   fe ff ff 0f 1f 40 00 8b 08 49 8d 1c 16 41 89 0e
0x00007f26c2932331:   89 d1 8b 74 08 fc 41 89 74 0e fc 48 8d 34 10 48
0x00007f26c2932341:   89 75 b8 e9 0b fe ff ff 0f 1f 80 00 00 00 00 0f
0x00007f26c2932351:   b6 17 55 89 f0 48 89 e5 84 d2 74 22 48 8d 4f 01
0x00007f26c2932361:   0f 1f 80 00 00 00 00 48 83 c1 01 0f b6 f2 0f b6
0x00007f26c2932371:   51 ff 69 c0 93 01 00 01 31 f0 84 d2 75 e9 25 ff
0x00007f26c2932381:   ff ff 7f 5d c3 66 2e 0f 1f 84 00 00 00 00 00 48
0x00007f26c2932391:   85 d2 0f 84 dd 00 00 00 85 c9 0f 84 d5 00 00 00
0x00007f26c29323a1:   55 48 89 e5 41 55 41 54 53 48 8d 5e 01 48 83 ec
0x00007f26c29323b1:   08 44 0f b6 06 45 84 c0 0f 84 a9 00 00 00 49 89
0x00007f26c29323c1:   da b8 93 01 00 01 66 0f 1f 84 00 00 00 00 00 49
0x00007f26c29323d1:   83 c2 01 44 69 c8 93 01 00 01 41 0f b6 c0 45 0f
0x00007f26c29323e1:   b6 42 ff 44 31 c8 45 84 c0 75 e4 25 ff ff ff 7f
0x00007f26c29323f1:   41 89 cd 48 89 d1 31 d2 41 f7 f5 49 89 f4 89 d0
0x00007f26c2932401:   8b 34 81 48 8b 07 ff 50 20 83 f8 00 7e 41 41 0f
0x00007f26c2932411:   b6 14 24 84 d2 74 1c 0f 1f 84 00 00 00 00 00 69
0x00007f26c2932421:   c0 93 01 00 01 48 83 c3 01 31 d0 0f b6 53 ff 84
0x00007f26c2932431:   d2 75 ec 25 ff ff ff 7f 31 d2 41 f7 f5 48 83 c4
0x00007f26c2932441:   08 89 d0 5b 41 5c 41 5d 5d c3 0f 1f 44 00 00 74
0x00007f26c2932451:   1d f7 d0 48 83 c4 08 89 c2 5b 89 d0 41 5c 41 5d
0x00007f26c2932461:   5d c3 0f 1f 44 00 00 b8 93 01 00 01 eb 82 ba ff
0x00007f26c2932471:   ff ff ff eb c8 83 ca ff 89 d0 c3 0f 1f 40 00 0f
0x00007f26c2932481:   b6 17 55 48 89 f8 48 89 e5 84 d2 75 15 eb 1a 38
0x00007f26c2932491:   ca 75 1c 48 83 c0 01 0f b6 10 48 83 c6 01 84 d2
0x00007f26c29324a1:   74 07 0f b6 0e 84 c9 75 e6 5d c3 0f 1f 40 00 31
0x00007f26c29324b1:   c0 5d c3 66 90 66 2e 0f 1f 84 00 00 00 00 00 55
0x00007f26c29324c1:   48 85 f6 48 89 e5 74 57 0f 1f 80 00 00 00 00 0f
0x00007f26c29324d1:   b6 06 84 c0 74 49 0f b6 d0 83 e0 07 c1 fa 03 44
0x00007f26c29324e1:   8d 50 01 0f b6 c0 41 89 d1 48 8d 56 01 4c 8d 44
0x00007f26c29324f1:   06 02 31 c0 0f 1f 00 0f b6 0a 48 c1 e0 08 48 83 


Stack slot to memory mapping:
stack at sp + 0 slots: 0x0 is NULL
stack at sp + 1 slots: 0x00007f26bc0095e0 points into unknown readable memory: 10 a3 00 68 26 7f 00 00
stack at sp + 2 slots: 0x0 is NULL
stack at sp + 3 slots: 0x00007f26959a8290 is pointing into the stack for thread: 0x00007f26bc189800
stack at sp + 4 slots: 0x00007f26959a8270 is pointing into the stack for thread: 0x00007f26bc189800
stack at sp + 5 slots: 0x00007f26c29330ea: <offset 0x00000000000030ea> in /usr/lib/jvm/java-11-openjdk-amd64/lib/libjimage.so at 0x00007f26c2930000
stack at sp + 6 slots: 0xffffffffffffffff is an unknown value
stack at sp + 7 slots: 0x0000000100000000 is an unknown value


---------------  P R O C E S S  ---------------

Threads class SMR info:
_java_thread_list=0x00007f2660002e80, length=14, elements={
0x00007f26bc019800, 0x00007f26bc17a000, 0x00007f26bc184000, 0x00007f26bc189800,
0x00007f26bc18b800, 0x00007f26bc18e000, 0x00007f26bc190000, 0x00007f26bc1ae000,
0x00007f26bc1f0800, 0x00007f26bc1f4000, 0x00007f26bc49d800, 0x00007f26bc4a4000,
0x00007f2674001000, 0x00007f26bcc0d800
}

Java Threads: ( => current thread )
  0x00007f26bc019800 JavaThread "main" [_thread_blocked, id=22957, stack(0x00007f26c5c29000,0x00007f26c5d2a000)]
  0x00007f26bc17a000 JavaThread "Reference Handler" daemon [_thread_blocked, id=22965, stack(0x00007f269c08d000,0x00007f269c18e000)]
  0x00007f26bc184000 JavaThread "Finalizer" daemon [_thread_blocked, id=22966, stack(0x00007f2695eff000,0x00007f2696000000)]
=>0x00007f26bc189800 JavaThread "Signal Dispatcher" daemon [_thread_in_vm, id=22967, stack(0x00007f26958aa000,0x00007f26959ab000)]
  0x00007f26bc18b800 JavaThread "C2 CompilerThread0" daemon [_thread_blocked, id=22968, stack(0x00007f26957a9000,0x00007f26958aa000)]
  0x00007f26bc18e000 JavaThread "C1 CompilerThread0" daemon [_thread_blocked, id=22969, stack(0x00007f26956a8000,0x00007f26957a9000)]
  0x00007f26bc190000 JavaThread "Sweeper thread" daemon [_thread_blocked, id=22970, stack(0x00007f26955a7000,0x00007f26956a8000)]
  0x00007f26bc1ae000 JavaThread "Common-Cleaner" daemon [_thread_blocked, id=22971, stack(0x00007f26954a6000,0x00007f26955a7000)]
  0x00007f26bc1f0800 JavaThread "JDWP Transport Listener: dt_socket" daemon [_thread_in_native, id=22973, stack(0x00007f269519f000,0x00007f26952a0000)]
  0x00007f26bc1f4000 JavaThread "JDWP Event Helper Thread" daemon [_thread_blocked, id=22975, stack(0x00007f269509e000,0x00007f269519f000)]
  0x00007f26bc49d800 JavaThread "Service Thread" daemon [_thread_blocked, id=22980, stack(0x00007f2694a74000,0x00007f2694b75000)]
  0x00007f26bc4a4000 JavaThread "ReaderThread" [_thread_in_native, id=22983, stack(0x00007f269456d000,0x00007f269466e000)]
  0x00007f2674001000 JavaThread "Attach Listener" daemon [_thread_blocked, id=22989, stack(0x00007f2694166000,0x00007f2694267000)]
  0x00007f26bcc0d800 JavaThread "Abandoned connection cleanup thread" daemon [_thread_blocked, id=22991, stack(0x00007f2694065000,0x00007f2694166000)]

Other Threads:
  0x00007f26bc177000 VMThread "VM Thread" [stack: 0x00007f269c190000,0x00007f269c290000] [id=22964]
  0x00007f26bc49f000 WatcherThread [stack: 0x00007f2694974000,0x00007f2694a74000] [id=22981]
  0x00007f26bc032000 GCTaskThread "GC Thread#0" [stack: 0x00007f26c17c8000,0x00007f26c18c8000] [id=22959]
  0x00007f2688001000 GCTaskThread "GC Thread#1" [stack: 0x00007f269446d000,0x00007f269456d000] [id=22986]
  0x00007f2688002800 GCTaskThread "GC Thread#2" [stack: 0x00007f269436b000,0x00007f269446b000] [id=22987]
  0x00007f2688004800 GCTaskThread "GC Thread#3" [stack: 0x00007f2694269000,0x00007f2694369000] [id=22988]
  0x00007f26bc063000 ConcurrentGCThread "G1 Main Marker" [stack: 0x00007f26c073d000,0x00007f26c083d000] [id=22960]
  0x00007f26bc065000 ConcurrentGCThread "G1 Conc#0" [stack: 0x00007f26c063b000,0x00007f26c073b000] [id=22961]
  0x00007f26bc0dd000 ConcurrentGCThread "G1 Refine#0" [stack: 0x00007f26c0135000,0x00007f26c0235000] [id=22962]
  0x00007f26bc0df000 ConcurrentGCThread "G1 Young RemSet Sampling" [stack: 0x00007f26c0033000,0x00007f26c0133000] [id=22963]

Threads with active compile tasks:

VM state:not at safepoint (normal execution)

VM Mutex/Monitor currently owned by a thread: None

Heap address: 0x0000000085200000, size: 1966 MB, Compressed Oops mode: 32-bit
Narrow klass base: 0x0000000800000000, Narrow klass shift: 3
Compressed class space size: 1073741824 Address: 0x0000000840000000

Heap:
 garbage-first heap   total 157696K, used 20181K [0x0000000085200000, 0x0000000100000000)
  region size 1024K, 15 young (15360K), 8 survivors (8192K)
 Metaspace       used 35475K, capacity 35878K, committed 36560K, reserved 1081344K
  class space    used 4465K, capacity 4622K, committed 4736K, reserved 1048576K
Heap Regions: E=young(eden), S=young(survivor), O=old, HS=humongous(starts), HC=humongous(continues), CS=collection set, F=free, A=archive, TAMS=top-at-mark-start (previous, next)
|   0|0x0000000085200000, 0x0000000085300000, 0x0000000085300000|100%| O|  |TAMS 0x0000000085300000, 0x0000000085200000| Untracked 
|   1|0x0000000085300000, 0x0000000085400000, 0x0000000085400000|100%| O|  |TAMS 0x0000000085400000, 0x0000000085300000| Untracked 
|   2|0x0000000085400000, 0x0000000085500000, 0x0000000085500000|100%| O|  |TAMS 0x0000000085500000, 0x0000000085400000| Untracked 
|   3|0x0000000085500000, 0x0000000085600000, 0x0000000085600000|100%| O|  |TAMS 0x0000000085600000, 0x0000000085500000| Untracked 
|   4|0x0000000085600000, 0x0000000085700000, 0x0000000085700000|100%| O|  |TAMS 0x0000000085700000, 0x0000000085600000| Untracked 
|   5|0x0000000085700000, 0x000000008577e600, 0x0000000085800000| 49%| O|  |TAMS 0x000000008577e600, 0x0000000085700000| Untracked 
|   6|0x0000000085800000, 0x0000000085800000, 0x0000000085900000|  0%| F|  |TAMS 0x0000000085800000, 0x0000000085800000| Untracked 
|   7|0x0000000085900000, 0x0000000085900000, 0x0000000085a00000|  0%| F|  |TAMS 0x0000000085900000, 0x0000000085900000| Untracked 
|   8|0x0000000085a00000, 0x0000000085a00000, 0x0000000085b00000|  0%| F|  |TAMS 0x0000000085a00000, 0x0000000085a00000| Untracked 
|   9|0x0000000085b00000, 0x0000000085b00000, 0x0000000085c00000|  0%| F|  |TAMS 0x0000000085b00000, 0x0000000085b00000| Untracked 
|  10|0x0000000085c00000, 0x0000000085c00000, 0x0000000085d00000|  0%| F|  |TAMS 0x0000000085c00000, 0x0000000085c00000| Untracked 
|  11|0x0000000085d00000, 0x0000000085d00000, 0x0000000085e00000|  0%| F|  |TAMS 0x0000000085d00000, 0x0000000085d00000| Untracked 
|  12|0x0000000085e00000, 0x0000000085e00000, 0x0000000085f00000|  0%| F|  |TAMS 0x0000000085e00000, 0x0000000085e00000| Untracked 
|  13|0x0000000085f00000, 0x0000000085f00000, 0x0000000086000000|  0%| F|  |TAMS 0x0000000085f00000, 0x0000000085f00000| Untracked 
|  14|0x0000000086000000, 0x0000000086000000, 0x0000000086100000|  0%| F|  |TAMS 0x0000000086000000, 0x0000000086000000| Untracked 
|  15|0x0000000086100000, 0x0000000086100000, 0x0000000086200000|  0%| F|  |TAMS 0x0000000086100000, 0x0000000086100000| Untracked 
|  16|0x0000000086200000, 0x0000000086200000, 0x0000000086300000|  0%| F|  |TAMS 0x0000000086200000, 0x0000000086200000| Untracked 
|  17|0x0000000086300000, 0x0000000086300000, 0x0000000086400000|  0%| F|  |TAMS 0x0000000086300000, 0x0000000086300000| Untracked 
|  18|0x0000000086400000, 0x0000000086400000, 0x0000000086500000|  0%| F|  |TAMS 0x0000000086400000, 0x0000000086400000| Untracked 
|  19|0x0000000086500000, 0x0000000086500000, 0x0000000086600000|  0%| F|  |TAMS 0x0000000086500000, 0x0000000086500000| Untracked 
|  20|0x0000000086600000, 0x0000000086600000, 0x0000000086700000|  0%| F|  |TAMS 0x0000000086600000, 0x0000000086600000| Untracked 
|  21|0x0000000086700000, 0x0000000086700000, 0x0000000086800000|  0%| F|  |TAMS 0x0000000086700000, 0x0000000086700000| Untracked 
|  22|0x0000000086800000, 0x0000000086800000, 0x0000000086900000|  0%| F|  |TAMS 0x0000000086800000, 0x0000000086800000| Untracked 
|  23|0x0000000086900000, 0x0000000086900000, 0x0000000086a00000|  0%| F|  |TAMS 0x0000000086900000, 0x0000000086900000| Untracked 
|  24|0x0000000086a00000, 0x0000000086a00000, 0x0000000086b00000|  0%| F|  |TAMS 0x0000000086a00000, 0x0000000086a00000| Untracked 
|  25|0x0000000086b00000, 0x0000000086b00000, 0x0000000086c00000|  0%| F|  |TAMS 0x0000000086b00000, 0x0000000086b00000| Untracked 
|  26|0x0000000086c00000, 0x0000000086c00000, 0x0000000086d00000|  0%| F|  |TAMS 0x0000000086c00000, 0x0000000086c00000| Untracked 
|  27|0x0000000086d00000, 0x0000000086d00000, 0x0000000086e00000|  0%| F|  |TAMS 0x0000000086d00000, 0x0000000086d00000| Untracked 
|  28|0x0000000086e00000, 0x0000000086e00000, 0x0000000086f00000|  0%| F|  |TAMS 0x0000000086e00000, 0x0000000086e00000| Untracked 
|  29|0x0000000086f00000, 0x0000000086f00000, 0x0000000087000000|  0%| F|  |TAMS 0x0000000086f00000, 0x0000000086f00000| Untracked 
|  30|0x0000000087000000, 0x0000000087000000, 0x0000000087100000|  0%| F|  |TAMS 0x0000000087000000, 0x0000000087000000| Untracked 
|  31|0x0000000087100000, 0x0000000087100000, 0x0000000087200000|  0%| F|  |TAMS 0x0000000087100000, 0x0000000087100000| Untracked 
|  32|0x0000000087200000, 0x0000000087200000, 0x0000000087300000|  0%| F|  |TAMS 0x0000000087200000, 0x0000000087200000| Untracked 
|  33|0x0000000087300000, 0x0000000087300000, 0x0000000087400000|  0%| F|  |TAMS 0x0000000087300000, 0x0000000087300000| Untracked 
|  34|0x0000000087400000, 0x0000000087400000, 0x0000000087500000|  0%| F|  |TAMS 0x0000000087400000, 0x0000000087400000| Untracked 
|  35|0x0000000087500000, 0x0000000087500000, 0x0000000087600000|  0%| F|  |TAMS 0x0000000087500000, 0x0000000087500000| Untracked 
|  36|0x0000000087600000, 0x0000000087600000, 0x0000000087700000|  0%| F|  |TAMS 0x0000000087600000, 0x0000000087600000| Untracked 
|  37|0x0000000087700000, 0x0000000087700000, 0x0000000087800000|  0%| F|  |TAMS 0x0000000087700000, 0x0000000087700000| Untracked 
|  38|0x0000000087800000, 0x0000000087800000, 0x0000000087900000|  0%| F|  |TAMS 0x0000000087800000, 0x0000000087800000| Untracked 
|  39|0x0000000087900000, 0x0000000087900000, 0x0000000087a00000|  0%| F|  |TAMS 0x0000000087900000, 0x0000000087900000| Untracked 
|  40|0x0000000087a00000, 0x0000000087a00000, 0x0000000087b00000|  0%| F|  |TAMS 0x0000000087a00000, 0x0000000087a00000| Untracked 
|  41|0x0000000087b00000, 0x0000000087b00000, 0x0000000087c00000|  0%| F|  |TAMS 0x0000000087b00000, 0x0000000087b00000| Untracked 
|  42|0x0000000087c00000, 0x0000000087c00000, 0x0000000087d00000|  0%| F|  |TAMS 0x0000000087c00000, 0x0000000087c00000| Untracked 
|  43|0x0000000087d00000, 0x0000000087d00000, 0x0000000087e00000|  0%| F|  |TAMS 0x0000000087d00000, 0x0000000087d00000| Untracked 
|  44|0x0000000087e00000, 0x0000000087e00000, 0x0000000087f00000|  0%| F|  |TAMS 0x0000000087e00000, 0x0000000087e00000| Untracked 
|  45|0x0000000087f00000, 0x0000000087f00000, 0x0000000088000000|  0%| F|  |TAMS 0x0000000087f00000, 0x0000000087f00000| Untracked 
|  46|0x0000000088000000, 0x0000000088000000, 0x0000000088100000|  0%| F|  |TAMS 0x0000000088000000, 0x0000000088000000| Untracked 
|  47|0x0000000088100000, 0x0000000088100000, 0x0000000088200000|  0%| F|  |TAMS 0x0000000088100000, 0x0000000088100000| Untracked 
|  48|0x0000000088200000, 0x0000000088200000, 0x0000000088300000|  0%| F|  |TAMS 0x0000000088200000, 0x0000000088200000| Untracked 
|  49|0x0000000088300000, 0x0000000088300000, 0x0000000088400000|  0%| F|  |TAMS 0x0000000088300000, 0x0000000088300000| Untracked 
|  50|0x0000000088400000, 0x0000000088400000, 0x0000000088500000|  0%| F|  |TAMS 0x0000000088400000, 0x0000000088400000| Untracked 
|  51|0x0000000088500000, 0x0000000088500000, 0x0000000088600000|  0%| F|  |TAMS 0x0000000088500000, 0x0000000088500000| Untracked 
|  52|0x0000000088600000, 0x0000000088600000, 0x0000000088700000|  0%| F|  |TAMS 0x0000000088600000, 0x0000000088600000| Untracked 
|  53|0x0000000088700000, 0x0000000088700000, 0x0000000088800000|  0%| F|  |TAMS 0x0000000088700000, 0x0000000088700000| Untracked 
|  54|0x0000000088800000, 0x0000000088800000, 0x0000000088900000|  0%| F|  |TAMS 0x0000000088800000, 0x0000000088800000| Untracked 
|  55|0x0000000088900000, 0x0000000088900000, 0x0000000088a00000|  0%| F|  |TAMS 0x0000000088900000, 0x0000000088900000| Untracked 
|  56|0x0000000088a00000, 0x0000000088a00000, 0x0000000088b00000|  0%| F|  |TAMS 0x0000000088a00000, 0x0000000088a00000| Untracked 
|  57|0x0000000088b00000, 0x0000000088b00000, 0x0000000088c00000|  0%| F|  |TAMS 0x0000000088b00000, 0x0000000088b00000| Untracked 
|  58|0x0000000088c00000, 0x0000000088c00000, 0x0000000088d00000|  0%| F|  |TAMS 0x0000000088c00000, 0x0000000088c00000| Untracked 
|  59|0x0000000088d00000, 0x0000000088d00000, 0x0000000088e00000|  0%| F|  |TAMS 0x0000000088d00000, 0x0000000088d00000| Untracked 
|  60|0x0000000088e00000, 0x0000000088e86138, 0x0000000088f00000| 52%| S|CS|TAMS 0x0000000088e00000, 0x0000000088e00000| Complete 
|  61|0x0000000088f00000, 0x0000000089000000, 0x0000000089000000|100%| S|CS|TAMS 0x0000000088f00000, 0x0000000088f00000| Complete 
|  62|0x0000000089000000, 0x0000000089100000, 0x0000000089100000|100%| S|CS|TAMS 0x0000000089000000, 0x0000000089000000| Complete 
|  63|0x0000000089100000, 0x0000000089200000, 0x0000000089200000|100%| S|CS|TAMS 0x0000000089100000, 0x0000000089100000| Complete 
|  64|0x0000000089200000, 0x0000000089300000, 0x0000000089300000|100%| S|CS|TAMS 0x0000000089200000, 0x0000000089200000| Complete 
|  65|0x0000000089300000, 0x0000000089400000, 0x0000000089400000|100%| S|CS|TAMS 0x0000000089300000, 0x0000000089300000| Complete 
|  66|0x0000000089400000, 0x0000000089500000, 0x0000000089500000|100%| S|CS|TAMS 0x0000000089400000, 0x0000000089400000| Complete 
|  67|0x0000000089500000, 0x0000000089600000, 0x0000000089600000|100%| S|CS|TAMS 0x0000000089500000, 0x0000000089500000| Complete 
|  68|0x0000000089600000, 0x0000000089600000, 0x0000000089700000|  0%| F|  |TAMS 0x0000000089600000, 0x0000000089600000| Untracked 
|  69|0x0000000089700000, 0x0000000089700000, 0x0000000089800000|  0%| F|  |TAMS 0x0000000089700000, 0x0000000089700000| Untracked 
|  70|0x0000000089800000, 0x0000000089800000, 0x0000000089900000|  0%| F|  |TAMS 0x0000000089800000, 0x0000000089800000| Untracked 
|  71|0x0000000089900000, 0x0000000089900000, 0x0000000089a00000|  0%| F|  |TAMS 0x0000000089900000, 0x0000000089900000| Untracked 
|  72|0x0000000089a00000, 0x0000000089a00000, 0x0000000089b00000|  0%| F|  |TAMS 0x0000000089a00000, 0x0000000089a00000| Untracked 
|  73|0x0000000089b00000, 0x0000000089b00000, 0x0000000089c00000|  0%| F|  |TAMS 0x0000000089b00000, 0x0000000089b00000| Untracked 
|  74|0x0000000089c00000, 0x0000000089c00000, 0x0000000089d00000|  0%| F|  |TAMS 0x0000000089c00000, 0x0000000089c00000| Untracked 
|  75|0x0000000089d00000, 0x0000000089d00000, 0x0000000089e00000|  0%| F|  |TAMS 0x0000000089d00000, 0x0000000089d00000| Untracked 
|  76|0x0000000089e00000, 0x0000000089e00000, 0x0000000089f00000|  0%| F|  |TAMS 0x0000000089e00000, 0x0000000089e00000| Untracked 
|  77|0x0000000089f00000, 0x0000000089f00000, 0x000000008a000000|  0%| F|  |TAMS 0x0000000089f00000, 0x0000000089f00000| Untracked 
|  78|0x000000008a000000, 0x000000008a000000, 0x000000008a100000|  0%| F|  |TAMS 0x000000008a000000, 0x000000008a000000| Untracked 
|  79|0x000000008a100000, 0x000000008a100000, 0x000000008a200000|  0%| F|  |TAMS 0x000000008a100000, 0x000000008a100000| Untracked 
|  80|0x000000008a200000, 0x000000008a200000, 0x000000008a300000|  0%| F|  |TAMS 0x000000008a200000, 0x000000008a200000| Untracked 
|  81|0x000000008a300000, 0x000000008a300000, 0x000000008a400000|  0%| F|  |TAMS 0x000000008a300000, 0x000000008a300000| Untracked 
|  82|0x000000008a400000, 0x000000008a400000, 0x000000008a500000|  0%| F|  |TAMS 0x000000008a400000, 0x000000008a400000| Untracked 
|  83|0x000000008a500000, 0x000000008a500000, 0x000000008a600000|  0%| F|  |TAMS 0x000000008a500000, 0x000000008a500000| Untracked 
|  84|0x000000008a600000, 0x000000008a600000, 0x000000008a700000|  0%| F|  |TAMS 0x000000008a600000, 0x000000008a600000| Untracked 
|  85|0x000000008a700000, 0x000000008a700000, 0x000000008a800000|  0%| F|  |TAMS 0x000000008a700000, 0x000000008a700000| Untracked 
|  86|0x000000008a800000, 0x000000008a800000, 0x000000008a900000|  0%| F|  |TAMS 0x000000008a800000, 0x000000008a800000| Untracked 
|  87|0x000000008a900000, 0x000000008a900000, 0x000000008aa00000|  0%| F|  |TAMS 0x000000008a900000, 0x000000008a900000| Untracked 
|  88|0x000000008aa00000, 0x000000008aa00000, 0x000000008ab00000|  0%| F|  |TAMS 0x000000008aa00000, 0x000000008aa00000| Untracked 
|  89|0x000000008ab00000, 0x000000008ab00000, 0x000000008ac00000|  0%| F|  |TAMS 0x000000008ab00000, 0x000000008ab00000| Untracked 
|  90|0x000000008ac00000, 0x000000008ac00000, 0x000000008ad00000|  0%| F|  |TAMS 0x000000008ac00000, 0x000000008ac00000| Untracked 
|  91|0x000000008ad00000, 0x000000008ad00000, 0x000000008ae00000|  0%| F|  |TAMS 0x000000008ad00000, 0x000000008ad00000| Untracked 
|  92|0x000000008ae00000, 0x000000008ae00000, 0x000000008af00000|  0%| F|  |TAMS 0x000000008ae00000, 0x000000008ae00000| Untracked 
|  93|0x000000008af00000, 0x000000008af00000, 0x000000008b000000|  0%| F|  |TAMS 0x000000008af00000, 0x000000008af00000| Untracked 
|  94|0x000000008b000000, 0x000000008b000000, 0x000000008b100000|  0%| F|  |TAMS 0x000000008b000000, 0x000000008b000000| Untracked 
|  95|0x000000008b100000, 0x000000008b100000, 0x000000008b200000|  0%| F|  |TAMS 0x000000008b100000, 0x000000008b100000| Untracked 
|  96|0x000000008b200000, 0x000000008b200000, 0x000000008b300000|  0%| F|  |TAMS 0x000000008b200000, 0x000000008b200000| Untracked 
|  97|0x000000008b300000, 0x000000008b300000, 0x000000008b400000|  0%| F|  |TAMS 0x000000008b300000, 0x000000008b300000| Untracked 
|  98|0x000000008b400000, 0x000000008b400000, 0x000000008b500000|  0%| F|  |TAMS 0x000000008b400000, 0x000000008b400000| Untracked 
|  99|0x000000008b500000, 0x000000008b500000, 0x000000008b600000|  0%| F|  |TAMS 0x000000008b500000, 0x000000008b500000| Untracked 
| 100|0x000000008b600000, 0x000000008b600000, 0x000000008b700000|  0%| F|  |TAMS 0x000000008b600000, 0x000000008b600000| Untracked 
| 101|0x000000008b700000, 0x000000008b700000, 0x000000008b800000|  0%| F|  |TAMS 0x000000008b700000, 0x000000008b700000| Untracked 
| 102|0x000000008b800000, 0x000000008b800000, 0x000000008b900000|  0%| F|  |TAMS 0x000000008b800000, 0x000000008b800000| Untracked 
| 103|0x000000008b900000, 0x000000008b900000, 0x000000008ba00000|  0%| F|  |TAMS 0x000000008b900000, 0x000000008b900000| Untracked 
| 104|0x000000008ba00000, 0x000000008ba00000, 0x000000008bb00000|  0%| F|  |TAMS 0x000000008ba00000, 0x000000008ba00000| Untracked 
| 105|0x000000008bb00000, 0x000000008bb00000, 0x000000008bc00000|  0%| F|  |TAMS 0x000000008bb00000, 0x000000008bb00000| Untracked 
| 106|0x000000008bc00000, 0x000000008bc00000, 0x000000008bd00000|  0%| F|  |TAMS 0x000000008bc00000, 0x000000008bc00000| Untracked 
| 107|0x000000008bd00000, 0x000000008bd00000, 0x000000008be00000|  0%| F|  |TAMS 0x000000008bd00000, 0x000000008bd00000| Untracked 
| 108|0x000000008be00000, 0x000000008be00000, 0x000000008bf00000|  0%| F|  |TAMS 0x000000008be00000, 0x000000008be00000| Untracked 
| 109|0x000000008bf00000, 0x000000008bf00000, 0x000000008c000000|  0%| F|  |TAMS 0x000000008bf00000, 0x000000008bf00000| Untracked 
| 110|0x000000008c000000, 0x000000008c000000, 0x000000008c100000|  0%| F|  |TAMS 0x000000008c000000, 0x000000008c000000| Untracked 
| 111|0x000000008c100000, 0x000000008c100000, 0x000000008c200000|  0%| F|  |TAMS 0x000000008c100000, 0x000000008c100000| Untracked 
| 112|0x000000008c200000, 0x000000008c200000, 0x000000008c300000|  0%| F|  |TAMS 0x000000008c200000, 0x000000008c200000| Untracked 
| 113|0x000000008c300000, 0x000000008c300000, 0x000000008c400000|  0%| F|  |TAMS 0x000000008c300000, 0x000000008c300000| Untracked 
| 114|0x000000008c400000, 0x000000008c400000, 0x000000008c500000|  0%| F|  |TAMS 0x000000008c400000, 0x000000008c400000| Untracked 
| 115|0x000000008c500000, 0x000000008c500000, 0x000000008c600000|  0%| F|  |TAMS 0x000000008c500000, 0x000000008c500000| Untracked 
| 116|0x000000008c600000, 0x000000008c600000, 0x000000008c700000|  0%| F|  |TAMS 0x000000008c600000, 0x000000008c600000| Untracked 
| 117|0x000000008c700000, 0x000000008c700000, 0x000000008c800000|  0%| F|  |TAMS 0x000000008c700000, 0x000000008c700000| Untracked 
| 118|0x000000008c800000, 0x000000008c800000, 0x000000008c900000|  0%| F|  |TAMS 0x000000008c800000, 0x000000008c800000| Untracked 
| 119|0x000000008c900000, 0x000000008c900000, 0x000000008ca00000|  0%| F|  |TAMS 0x000000008c900000, 0x000000008c900000| Untracked 
| 120|0x000000008ca00000, 0x000000008ca00000, 0x000000008cb00000|  0%| F|  |TAMS 0x000000008ca00000, 0x000000008ca00000| Untracked 
| 121|0x000000008cb00000, 0x000000008cb00000, 0x000000008cc00000|  0%| F|  |TAMS 0x000000008cb00000, 0x000000008cb00000| Untracked 
| 122|0x000000008cc00000, 0x000000008cc00000, 0x000000008cd00000|  0%| F|  |TAMS 0x000000008cc00000, 0x000000008cc00000| Untracked 
| 123|0x000000008cd00000, 0x000000008cd00000, 0x000000008ce00000|  0%| F|  |TAMS 0x000000008cd00000, 0x000000008cd00000| Untracked 
| 124|0x000000008ce00000, 0x000000008ce00000, 0x000000008cf00000|  0%| F|  |TAMS 0x000000008ce00000, 0x000000008ce00000| Untracked 
| 125|0x000000008cf00000, 0x000000008cf00000, 0x000000008d000000|  0%| F|  |TAMS 0x000000008cf00000, 0x000000008cf00000| Untracked 
| 126|0x000000008d000000, 0x000000008d000000, 0x000000008d100000|  0%| F|  |TAMS 0x000000008d000000, 0x000000008d000000| Untracked 
| 127|0x000000008d100000, 0x000000008d100000, 0x000000008d200000|  0%| F|  |TAMS 0x000000008d100000, 0x000000008d100000| Untracked 
| 128|0x000000008d200000, 0x000000008d200000, 0x000000008d300000|  0%| F|  |TAMS 0x000000008d200000, 0x000000008d200000| Untracked 
| 129|0x000000008d300000, 0x000000008d300000, 0x000000008d400000|  0%| F|  |TAMS 0x000000008d300000, 0x000000008d300000| Untracked 
| 130|0x000000008d400000, 0x000000008d400000, 0x000000008d500000|  0%| F|  |TAMS 0x000000008d400000, 0x000000008d400000| Untracked 
| 131|0x000000008d500000, 0x000000008d500000, 0x000000008d600000|  0%| F|  |TAMS 0x000000008d500000, 0x000000008d500000| Untracked 
| 132|0x000000008d600000, 0x000000008d600000, 0x000000008d700000|  0%| F|  |TAMS 0x000000008d600000, 0x000000008d600000| Untracked 
| 133|0x000000008d700000, 0x000000008d700000, 0x000000008d800000|  0%| F|  |TAMS 0x000000008d700000, 0x000000008d700000| Untracked 
| 134|0x000000008d800000, 0x000000008d800000, 0x000000008d900000|  0%| F|  |TAMS 0x000000008d800000, 0x000000008d800000| Untracked 
| 135|0x000000008d900000, 0x000000008d900000, 0x000000008da00000|  0%| F|  |TAMS 0x000000008d900000, 0x000000008d900000| Untracked 
| 136|0x000000008da00000, 0x000000008da00000, 0x000000008db00000|  0%| F|  |TAMS 0x000000008da00000, 0x000000008da00000| Untracked 
| 137|0x000000008db00000, 0x000000008db00000, 0x000000008dc00000|  0%| F|  |TAMS 0x000000008db00000, 0x000000008db00000| Untracked 
| 138|0x000000008dc00000, 0x000000008dc00000, 0x000000008dd00000|  0%| F|  |TAMS 0x000000008dc00000, 0x000000008dc00000| Untracked 
| 139|0x000000008dd00000, 0x000000008dd00000, 0x000000008de00000|  0%| F|  |TAMS 0x000000008dd00000, 0x000000008dd00000| Untracked 
| 140|0x000000008de00000, 0x000000008de00000, 0x000000008df00000|  0%| F|  |TAMS 0x000000008de00000, 0x000000008de00000| Untracked 
| 141|0x000000008df00000, 0x000000008df00000, 0x000000008e000000|  0%| F|  |TAMS 0x000000008df00000, 0x000000008df00000| Untracked 
| 142|0x000000008e000000, 0x000000008e000000, 0x000000008e100000|  0%| F|  |TAMS 0x000000008e000000, 0x000000008e000000| Untracked 
| 143|0x000000008e100000, 0x000000008e100000, 0x000000008e200000|  0%| F|  |TAMS 0x000000008e100000, 0x000000008e100000| Untracked 
| 144|0x000000008e200000, 0x000000008e200000, 0x000000008e300000|  0%| F|  |TAMS 0x000000008e200000, 0x000000008e200000| Untracked 
| 145|0x000000008e300000, 0x000000008e380800, 0x000000008e400000| 50%| E|  |TAMS 0x000000008e300000, 0x000000008e300000| Complete 
| 146|0x000000008e400000, 0x000000008e500000, 0x000000008e500000|100%| E|CS|TAMS 0x000000008e400000, 0x000000008e400000| Complete 
| 147|0x000000008e500000, 0x000000008e600000, 0x000000008e600000|100%| E|CS|TAMS 0x000000008e500000, 0x000000008e500000| Complete 
| 148|0x000000008e600000, 0x000000008e700000, 0x000000008e700000|100%| E|CS|TAMS 0x000000008e600000, 0x000000008e600000| Complete 
| 149|0x000000008e700000, 0x000000008e800000, 0x000000008e800000|100%| E|CS|TAMS 0x000000008e700000, 0x000000008e700000| Complete 
| 150|0x000000008e800000, 0x000000008e900000, 0x000000008e900000|100%| E|CS|TAMS 0x000000008e800000, 0x000000008e800000| Complete 
| 151|0x000000008e900000, 0x000000008ea00000, 0x000000008ea00000|100%| E|CS|TAMS 0x000000008e900000, 0x000000008e900000| Complete 
|1964|0x00000000ffe00000, 0x00000000ffe47000, 0x00000000fff00000| 27%|OA|  |TAMS 0x00000000ffe47000, 0x00000000ffe00000| Untracked 
|1965|0x00000000fff00000, 0x00000000fff6a000, 0x0000000100000000| 41%|CA|  |TAMS 0x00000000fff6a000, 0x00000000fff00000| Untracked 

Card table byte_map: [0x00007f26c0c14000,0x00007f26c0feb000] _byte_map_base: 0x00007f26c07eb000

Marking Bits (Prev, Next): (CMBitMap*) 0x00007f26bc05a7a8, (CMBitMap*) 0x00007f26bc05a7e0
 Prev Bits: [0x00007f269e148000, 0x00007f26a0000000)
 Next Bits: [0x00007f269c290000, 0x00007f269e148000)

Polling page: 0x00007f26c5d47000

Metaspace:

Usage:
  Non-class:     30,52 MB capacity,    30,28 MB (>99%) used,   191,12 KB ( <1%) free+waste,    55,81 KB ( <1%) overhead. 
      Class:      4,51 MB capacity,     4,36 MB ( 97%) used,   132,13 KB (  3%) free+waste,    23,94 KB ( <1%) overhead. 
       Both:     35,04 MB capacity,    34,64 MB ( 99%) used,   323,25 KB ( <1%) free+waste,    79,75 KB ( <1%) overhead. 

Virtual space:
  Non-class space:       32,00 MB reserved,      31,08 MB ( 97%) committed 
      Class space:        1,00 GB reserved,       4,62 MB ( <1%) committed 
             Both:        1,03 GB reserved,      35,70 MB (  3%) committed 

Chunk freelists:
   Non-Class:  336,00 KB
       Class:  18,00 KB
        Both:  354,00 KB

MaxMetaspaceSize: unlimited
CompressedClassSpaceSize: 1,00 GB

CodeHeap 'non-profiled nmethods': size=120032Kb used=1312Kb max_used=1635Kb free=118719Kb
 bounds [0x00007f26ac3ca000, 0x00007f26ac63a000, 0x00007f26b3902000]
CodeHeap 'profiled nmethods': size=120032Kb used=5132Kb max_used=6342Kb free=114899Kb
 bounds [0x00007f26a4e92000, 0x00007f26a54d2000, 0x00007f26ac3ca000]
CodeHeap 'non-nmethods': size=5696Kb used=1287Kb max_used=1371Kb free=4408Kb
 bounds [0x00007f26a4902000, 0x00007f26a4b72000, 0x00007f26a4e92000]
 total_blobs=3063 nmethods=2458 adapters=525
 compilation: enabled
              stopped_count=0, restarted_count=0
 full_count=0

Compilation events (20 events):
Event: 6,256 Thread 0x00007f266c186000 nmethod 2824 0x00007f26ac544910 code [0x00007f26ac544ae0, 0x00007f26ac545578]
Event: 6,256 Thread 0x00007f266c186000 2751       4       java.util.Arrays$ArrayList::indexOf (62 bytes)
Event: 6,275 Thread 0x00007f266c186000 nmethod 2751 0x00007f26ac545b90 code [0x00007f26ac545d40, 0x00007f26ac546098]
Event: 6,715 Thread 0x00007f26bc18b800 nmethod 2413 0x00007f26ac546290 code [0x00007f26ac546a20, 0x00007f26ac55ab30]
Event: 11,422 Thread 0x00007f26bc18e000 2827   !   3       java.lang.ref.ReferenceQueue::remove (125 bytes)
Event: 11,422 Thread 0x00007f26bc18e000 nmethod 2827 0x00007f26a54c3890 code [0x00007f26a54c3ac0, 0x00007f26a54c43f0]
Event: 229,368 Thread 0x00007f26bc18b800 2831       4       java.lang.ref.ReferenceQueue::reallyPoll (65 bytes)
Event: 229,378 Thread 0x00007f26bc18b800 nmethod 2831 0x00007f26ac3d6510 code [0x00007f26ac3d66c0, 0x00007f26ac3d6a28]
Event: 519,736 Thread 0x00007f26bc18b800 2832   !   4       java.lang.ref.ReferenceQueue::remove (125 bytes)
Event: 519,757 Thread 0x00007f26bc18b800 nmethod 2832 0x00007f26ac3d5290 code [0x00007f26ac3d5460, 0x00007f26ac3d6188]
Event: 4337,682 Thread 0x00007f26bc18e000 2833   !   3       jdk.internal.ref.PhantomCleanable::isListEmpty (34 bytes)
Event: 4337,683 Thread 0x00007f26bc18e000 nmethod 2833 0x00007f26a4e92d10 code [0x00007f26a4e92ee0, 0x00007f26a4e93230]
Event: 4337,683 Thread 0x00007f26bc18e000 2834       3       jdk.internal.misc.InnocuousThread::eraseThreadLocals (23 bytes)
Event: 4337,684 Thread 0x00007f26bc18e000 nmethod 2834 0x00007f26a4e94110 code [0x00007f26a4e942c0, 0x00007f26a4e944b0]
Event: 6053,541 Thread 0x00007f26bc18e000 2835 % !   3       com.mysql.jdbc.AbandonedConnectionCleanupThread::run @ 4 (62 bytes)
Event: 6053,541 Thread 0x00007f26bc18e000 

Event: 10155,898 Thread 0x00007f26bc18b800 2836 % !   4       com.mysql.jdbc.AbandonedConnectionCleanupThread::run @ 4 (62 bytes)
Event: 10155,912 Thread 0x00007f26bc18b800 nmethod 2836% 0x00007f26ac3f1e90 code [0x00007f26ac3f20c0, 0x00007f26ac3f2550]
Event: 10258,453 Thread 0x00007f26bc18b800 2837   !   4       com.mysql.jdbc.AbandonedConnectionCleanupThread::run (62 bytes)
Event: 10258,469 Thread 0x00007f26bc18b800 nmethod 2837 0x00007f26ac3f1290 code [0x00007f26ac3f14e0, 0x00007f26ac3f1ab0]

GC Heap History (14 events):
Event: 0,844 GC heap before
{Heap before GC invocations=0 (full 0):
 garbage-first heap   total 129024K, used 14020K [0x0000000085200000, 0x0000000100000000)
  region size 1024K, 14 young (14336K), 0 survivors (0K)
 Metaspace       used 3937K, capacity 5415K, committed 5760K, reserved 1056768K
  class space    used 395K, capacity 526K, committed 640K, reserved 1048576K
}
Event: 0,871 GC heap after
{Heap after GC invocations=1 (full 0):
 garbage-first heap   total 129024K, used 4781K [0x0000000085200000, 0x0000000100000000)
  region size 1024K, 2 young (2048K), 2 survivors (2048K)
 Metaspace       used 3937K, capacity 5415K, committed 5760K, reserved 1056768K
  class space    used 395K, capacity 526K, committed 640K, reserved 1048576K
}
Event: 1,395 GC heap before
{Heap before GC invocations=1 (full 0):
 garbage-first heap   total 129024K, used 16045K [0x0000000085200000, 0x0000000100000000)
  region size 1024K, 13 young (13312K), 2 survivors (2048K)
 Metaspace       used 7164K, capacity 7366K, committed 7552K, reserved 1056768K
  class space    used 794K, capacity 867K, committed 896K, reserved 1048576K
}
Event: 1,405 GC heap after
{Heap after GC invocations=2 (full 0):
 garbage-first heap   total 129024K, used 5312K [0x0000000085200000, 0x0000000100000000)
  region size 1024K, 1 young (1024K), 1 survivors (1024K)
 Metaspace       used 7164K, capacity 7366K, committed 7552K, reserved 1056768K
  class space    used 794K, capacity 867K, committed 896K, reserved 1048576K
}
Event: 2,296 GC heap before
{Heap before GC invocations=2 (full 0):
 garbage-first heap   total 129024K, used 42176K [0x0000000085200000, 0x0000000100000000)
  region size 1024K, 37 young (37888K), 1 survivors (1024K)
 Metaspace       used 12371K, capacity 12702K, committed 12800K, reserved 1060864K
  class space    used 1395K, capacity 1515K, committed 1536K, reserved 1048576K
}
Event: 2,303 GC heap after
{Heap after GC invocations=3 (full 0):
 garbage-first heap   total 129024K, used 6444K [0x0000000085200000, 0x0000000100000000)
  region size 1024K, 2 young (2048K), 2 survivors (2048K)
 Metaspace       used 12371K, capacity 12702K, committed 12800K, reserved 1060864K
  class space    used 1395K, capacity 1515K, committed 1536K, reserved 1048576K
}
Event: 2,854 GC heap before
{Heap before GC invocations=3 (full 0):
 garbage-first heap   total 129024K, used 55596K [0x0000000085200000, 0x0000000100000000)
  region size 1024K, 51 young (52224K), 2 survivors (2048K)
 Metaspace       used 15224K, capacity 15628K, committed 15744K, reserved 1062912K
  class space    used 1778K, capacity 1913K, committed 1920K, reserved 1048576K
}
Event: 2,865 GC heap after
{Heap after GC invocations=4 (full 0):
 garbage-first heap   total 129024K, used 7639K [0x0000000085200000, 0x0000000100000000)
  region size 1024K, 3 young (3072K), 3 survivors (3072K)
 Metaspace       used 15224K, capacity 15628K, committed 15744K, reserved 1062912K
  class space    used 1778K, capacity 1913K, committed 1920K, reserved 1048576K
}
Event: 3,680 GC heap before
{Heap before GC invocations=4 (full 0):
 garbage-first heap   total 129024K, used 50647K [0x0000000085200000, 0x0000000100000000)
  region size 1024K, 46 young (47104K), 3 survivors (3072K)
 Metaspace       used 20785K, capacity 21137K, committed 21296K, reserved 1069056K
  class space    used 2477K, capacity 2618K, committed 2688K, reserved 1048576K
}
Event: 3,700 GC heap after
{Heap after GC invocations=5 (full 0):
 garbage-first heap   total 157696K, used 10039K [0x0000000085200000, 0x0000000100000000)
  region size 1024K, 6 young (6144K), 6 survivors (6144K)
 Metaspace       used 20785K, capacity 21137K, committed 21296K, reserved 1069056K
  class space    used 2477K, capacity 2618K, committed 2688K, reserved 1048576K
}
Event: 5,189 GC heap before
{Heap before GC invocations=6 (full 0):
 garbage-first heap   total 157696K, used 78647K [0x0000000085200000, 0x0000000100000000)
  region size 1024K, 73 young (74752K), 6 survivors (6144K)
 Metaspace       used 28752K, capacity 29212K, committed 29616K, reserved 1075200K
  class space    used 3581K, capacity 3749K, committed 3840K, reserved 1048576K
}
Event: 5,215 GC heap after
{Heap after GC invocations=7 (full 0):
 garbage-first heap   total 157696K, used 12224K [0x0000000085200000, 0x0000000100000000)
  region size 1024K, 7 young (7168K), 7 survivors (7168K)
 Metaspace       used 28752K, capacity 29212K, committed 29616K, reserved 1075200K
  class space    used 3581K, capacity 3749K, committed 3840K, reserved 1048576K
}
Event: 17,651 GC heap before
{Heap before GC invocations=7 (full 0):
 garbage-first heap   total 157696K, used 89024K [0x0000000085200000, 0x0000000100000000)
  region size 1024K, 84 young (86016K), 7 survivors (7168K)
 Metaspace       used 35107K, capacity 35514K, committed 35920K, reserved 1081344K
  class space    used 4418K, capacity 4588K, committed 4608K, reserved 1048576K
}
Event: 17,670 GC heap after
{Heap after GC invocations=8 (full 0):
 garbage-first heap   total 157696K, used 14037K [0x0000000085200000, 0x0000000100000000)
  region size 1024K, 8 young (8192K), 8 survivors (8192K)
 Metaspace       used 35107K, capacity 35514K, committed 35920K, reserved 1081344K
  class space    used 4418K, capacity 4588K, committed 4608K, reserved 1048576K
}

Deoptimization events (20 events):
Event: 6,162 Thread 0x00007f26bc019800 DEOPT PACKING pc=0x00007f26a54c22cc sp=0x00007f26c5d272a0
Event: 6,162 Thread 0x00007f26bc019800 DEOPT UNPACKING pc=0x00007f26a4938d3a sp=0x00007f26c5d267d0 mode 1
Event: 6,162 Thread 0x00007f26bc019800 DEOPT PACKING pc=0x00007f26a54ba7a4 sp=0x00007f26c5d27370
Event: 6,162 Thread 0x00007f26bc019800 DEOPT UNPACKING pc=0x00007f26a4938d3a sp=0x00007f26c5d26928 mode 1
Event: 6,162 Thread 0x00007f26bc019800 DEOPT PACKING pc=0x00007f26a54c22cc sp=0x00007f26c5d272a0
Event: 6,162 Thread 0x00007f26bc019800 DEOPT UNPACKING pc=0x00007f26a4938d3a sp=0x00007f26c5d267d0 mode 1
Event: 6,162 Thread 0x00007f26bc019800 DEOPT PACKING pc=0x00007f26a54ba7a4 sp=0x00007f26c5d27370
Event: 6,162 Thread 0x00007f26bc019800 DEOPT UNPACKING pc=0x00007f26a4938d3a sp=0x00007f26c5d26928 mode 1
Event: 6,162 Thread 0x00007f26bc019800 DEOPT PACKING pc=0x00007f26a54c22cc sp=0x00007f26c5d272a0
Event: 6,162 Thread 0x00007f26bc019800 DEOPT UNPACKING pc=0x00007f26a4938d3a sp=0x00007f26c5d267d0 mode 1
Event: 6,162 Thread 0x00007f26bc019800 DEOPT PACKING pc=0x00007f26a54ba7a4 sp=0x00007f26c5d27370
Event: 6,162 Thread 0x00007f26bc019800 DEOPT UNPACKING pc=0x00007f26a4938d3a sp=0x00007f26c5d26928 mode 1
Event: 6,162 Thread 0x00007f26bc019800 DEOPT PACKING pc=0x00007f26a54c22cc sp=0x00007f26c5d272a0
Event: 6,162 Thread 0x00007f26bc019800 DEOPT UNPACKING pc=0x00007f26a4938d3a sp=0x00007f26c5d267d0 mode 1
Event: 6,162 Thread 0x00007f26bc019800 DEOPT PACKING pc=0x00007f26a54ba7a4 sp=0x00007f26c5d27370
Event: 6,162 Thread 0x00007f26bc019800 DEOPT UNPACKING pc=0x00007f26a4938d3a sp=0x00007f26c5d26928 mode 1
Event: 6,162 Thread 0x00007f26bc019800 DEOPT PACKING pc=0x00007f26a54c22cc sp=0x00007f26c5d272a0
Event: 6,162 Thread 0x00007f26bc019800 DEOPT UNPACKING pc=0x00007f26a4938d3a sp=0x00007f26c5d267d0 mode 1
Event: 6,162 Thread 0x00007f26bc019800 DEOPT PACKING pc=0x00007f26a54ba7a4 sp=0x00007f26c5d27370
Event: 6,162 Thread 0x00007f26bc019800 DEOPT UNPACKING pc=0x00007f26a4938d3a sp=0x00007f26c5d26928 mode 1

Classes redefined (0 events):
No events

Internal exceptions (20 events):
Event: 5,968 Thread 0x00007f26bc019800 Exception <a 'java/lang/ClassNotFoundException'{0x000000008be2e058}: org/springframework/context/event/EventListenerMethodProcessorCustomizer> (0x000000008be2e058) thrown at [./src/hotspot/share/classfile/systemDictionary.cpp, line 231]
Event: 5,971 Thread 0x00007f26bc019800 Exception <a 'java/lang/ClassNotFoundException'{0x000000008be427d8}: org/springframework/context/event/DefaultEventListenerFactoryBeanInfo> (0x000000008be427d8) thrown at [./src/hotspot/share/classfile/systemDictionary.cpp, line 231]
Event: 5,972 Thread 0x00007f26bc019800 Exception <a 'java/lang/ClassNotFoundException'{0x000000008be4ceb0}: org/springframework/context/event/DefaultEventListenerFactoryCustomizer> (0x000000008be4ceb0) thrown at [./src/hotspot/share/classfile/systemDictionary.cpp, line 231]
Event: 5,985 Thread 0x00007f26bc019800 Exception <a 'java/lang/ClassNotFoundException'{0x000000008bef5218}: org/springframework/orm/jpa/JpaTransactionManagerBeanInfo> (0x000000008bef5218) thrown at [./src/hotspot/share/classfile/systemDictionary.cpp, line 231]
Event: 5,986 Thread 0x00007f26bc019800 Exception <a 'java/lang/ClassNotFoundException'{0x000000008bd00ab0}: org/springframework/transaction/support/AbstractPlatformTransactionManagerBeanInfo> (0x000000008bd00ab0) thrown at [./src/hotspot/share/classfile/systemDictionary.cpp, line 231]
Event: 5,986 Thread 0x00007f26bc019800 Exception <a 'java/lang/ClassNotFoundException'{0x000000008bd0c180}: org/springframework/transaction/support/AbstractPlatformTransactionManagerCustomizer> (0x000000008bd0c180) thrown at [./src/hotspot/share/classfile/systemDictionary.cpp, line 231]
Event: 5,989 Thread 0x00007f26bc019800 Exception <a 'java/lang/ClassNotFoundException'{0x000000008bd242c8}: org/springframework/orm/jpa/JpaTransactionManagerCustomizer> (0x000000008bd242c8) thrown at [./src/hotspot/share/classfile/systemDictionary.cpp, line 231]
Event: 5,999 Thread 0x00007f26bc019800 Exception <a 'java/lang/ClassNotFoundException'{0x000000008bd786f8}: org/springframework/transaction/event/TransactionalEventListenerFactoryBeanInfo> (0x000000008bd786f8) thrown at [./src/hotspot/share/classfile/systemDictionary.cpp, line 231]
Event: 6,000 Thread 0x00007f26bc019800 Exception <a 'java/lang/ClassNotFoundException'{0x000000008bd83918}: org/springframework/transaction/event/TransactionalEventListenerFactoryCustomizer> (0x000000008bd83918) thrown at [./src/hotspot/share/classfile/systemDictionary.cpp, line 231]
Event: 6,005 Thread 0x00007f26bc019800 Exception <a 'java/lang/ClassNotFoundException'{0x000000008bdacf08}: org/springframework/transaction/interceptor/TransactionInterceptorBeanInfo> (0x000000008bdacf08) thrown at [./src/hotspot/share/classfile/systemDictionary.cpp, line 231]
Event: 6,006 Thread 0x00007f26bc019800 Exception <a 'java/lang/ClassNotFoundException'{0x000000008bdb7da8}: org/springframework/transaction/interceptor/TransactionAspectSupportBeanInfo> (0x000000008bdb7da8) thrown at [./src/hotspot/share/classfile/systemDictionary.cpp, line 231]
Event: 6,007 Thread 0x00007f26bc019800 Exception <a 'java/lang/ClassNotFoundException'{0x000000008bdc2c18}: org/springframework/transaction/interceptor/TransactionAspectSupportCustomizer> (0x000000008bdc2c18) thrown at [./src/hotspot/share/classfile/systemDictionary.cpp, line 231]
Event: 6,009 Thread 0x00007f26bc019800 Exception <a 'java/lang/ClassNotFoundException'{0x000000008bdd6620}: org/springframework/transaction/interceptor/TransactionInterceptorCustomizer> (0x000000008bdd6620) thrown at [./src/hotspot/share/classfile/systemDictionary.cpp, line 231]
Event: 6,032 Thread 0x00007f26bc019800 Exception <a 'java/lang/ClassNotFoundException'{0x000000008bc3cc38}: com/mvcprime/repository/JPAUserDaoBeanInfo> (0x000000008bc3cc38) thrown at [./src/hotspot/share/classfile/systemDictionary.cpp, line 231]
Event: 6,033 Thread 0x00007f26bc019800 Exception <a 'java/lang/ClassNotFoundException'{0x000000008bc459c0}: com/mvcprime/repository/JPAUserDaoCustomizer> (0x000000008bc459c0) thrown at [./src/hotspot/share/classfile/systemDictionary.cpp, line 231]
Event: 6,080 Thread 0x00007f26bc019800 Exception <a 'java/lang/ClassNotFoundException'{0x000000008ba24460}: com/mvcprime/service/UserServiceBeanInfo> (0x000000008ba24460) thrown at [./src/hotspot/share/classfile/systemDictionary.cpp, line 231]
Event: 6,080 Thread 0x00007f26bc019800 Exception <a 'java/lang/ClassNotFoundException'{0x000000008ba2ce58}: com/mvcprime/service/UserServiceCustomizer> (0x000000008ba2ce58) thrown at [./src/hotspot/share/classfile/systemDictionary.cpp, line 231]
Event: 48,642 Thread 0x00007f26bc019800 Exception <a 'java/lang/reflect/InvocationTargetException'{0x000000008e4f7480}> (0x000000008e4f7480) thrown at [./src/hotspot/share/runtime/reflection.cpp, line 1247]
Event: 48,645 Thread 0x00007f26bc019800 Exception <a 'java/lang/reflect/InvocationTargetException'{0x000000008e4f79f8}> (0x000000008e4f79f8) thrown at [./src/hotspot/share/runtime/reflection.cpp, line 1247]
Event: 48,717 Thread 0x00007f26bc019800 Exception <a 'java/lang/reflect/InvocationTargetException'{0x000000008e319948}> (0x000000008e319948) thrown at [./src/hotspot/share/runtime/reflection.cpp, line 1247]

Events (20 events):
Event: 229,384 Thread 0x00007f26bc190000 flushing nmethod 0x00007f26a5354310
Event: 229,384 Thread 0x00007f26bc190000 flushing nmethod 0x00007f26a5354f90
Event: 229,384 Thread 0x00007f26bc190000 flushing nmethod 0x00007f26a5355b10
Event: 229,384 Thread 0x00007f26bc190000 flushing nmethod 0x00007f26a5356690
Event: 229,384 Thread 0x00007f26bc190000 flushing nmethod 0x00007f26a5356a90
Event: 229,384 Thread 0x00007f26bc190000 flushing nmethod 0x00007f26a5357790
Event: 229,384 Thread 0x00007f26bc190000 flushing nmethod 0x00007f26a5358410
Event: 229,384 Thread 0x00007f26bc190000 flushing nmethod 0x00007f26a5358910
Event: 229,384 Thread 0x00007f26bc190000 flushing nmethod 0x00007f26a535ac90
Event: 229,384 Thread 0x00007f26bc190000 flushing nmethod 0x00007f26a535b690
Event: 229,384 Thread 0x00007f26bc190000 flushing nmethod 0x00007f26a5368b10
Event: 229,384 Thread 0x00007f26bc190000 flushing nmethod 0x00007f26a5368e90
Event: 229,384 Thread 0x00007f26bc190000 flushing nmethod 0x00007f26a5369210
Event: 229,384 Thread 0x00007f26bc190000 flushing nmethod 0x00007f26a5369590
Event: 229,384 Thread 0x00007f26bc190000 flushing nmethod 0x00007f26a5373590
Event: 229,384 Thread 0x00007f26bc190000 flushing nmethod 0x00007f26a5382710
Event: 229,384 Thread 0x00007f26bc190000 flushing nmethod 0x00007f26a5394690
Event: 229,385 Thread 0x00007f26bc190000 flushing nmethod 0x00007f26a5448690
Event: 229,385 Thread 0x00007f26bc190000 flushing nmethod 0x00007f26a5449890
Event: 20629,170 loading class jdk/internal/misc/Signal$1


Dynamic libraries:
85200000-8ea00000 rw-p 00000000 00:00 0 
8ea00000-ffe00000 ---p 00000000 00:00 0 
ffe00000-ffe47000 rw-p 0110e000 08:06 2105937                            /usr/lib/jvm/java-11-openjdk-amd64/lib/server/classes.jsa
ffe47000-fff00000 rw-p 00000000 00:00 0 
fff00000-fff6a000 rw-p 010a4000 08:06 2105937                            /usr/lib/jvm/java-11-openjdk-amd64/lib/server/classes.jsa
fff6a000-100000000 rw-p 00000000 00:00 0 
800000000-800002000 rwxp 00001000 08:06 2105937                          /usr/lib/jvm/java-11-openjdk-amd64/lib/server/classes.jsa
800002000-8010a3000 rw-p 00003000 08:06 2105937                          /usr/lib/jvm/java-11-openjdk-amd64/lib/server/classes.jsa
840000000-8404a0000 rw-p 00000000 00:00 0 
8404a0000-880000000 ---p 00000000 00:00 0 
5560aba1e000-5560aba1f000 r-xp 00000000 08:06 1179787                    /usr/lib/jvm/java-11-openjdk-amd64/bin/java
5560abc1f000-5560abc20000 r--p 00001000 08:06 1179787                    /usr/lib/jvm/java-11-openjdk-amd64/bin/java
5560abc20000-5560abc21000 rw-p 00002000 08:06 1179787                    /usr/lib/jvm/java-11-openjdk-amd64/bin/java
5560ad3c2000-5560ad3e3000 rw-p 00000000 00:00 0                          [heap]
7f2634000000-7f2634021000 rw-p 00000000 00:00 0 
7f2634021000-7f2638000000 ---p 00000000 00:00 0 
7f263a562000-7f263a68a000 rw-p 00000000 00:00 0 
7f263a68a000-7f263a762000 ---p 00000000 00:00 0 
7f263a762000-7f263a962000 rw-p 00000000 00:00 0 
7f263a9d1000-7f263abd1000 rw-p 00000000 00:00 0 
7f263abd1000-7f263add1000 rw-p 00000000 00:00 0 
7f263add1000-7f263afd1000 rw-p 00000000 00:00 0 
7f263afd1000-7f263b1d1000 rw-p 00000000 00:00 0 
7f263b1d1000-7f263b3bd000 rw-p 00000000 00:00 0 
7f263b3bd000-7f263b3d1000 ---p 00000000 00:00 0 
7f263b3d1000-7f263b3fb000 r-xp 00000000 08:06 1449003                    /usr/lib/jvm/java-11-openjdk-amd64/lib/libsunec.so
7f263b3fb000-7f263b5fa000 ---p 0002a000 08:06 1449003                    /usr/lib/jvm/java-11-openjdk-amd64/lib/libsunec.so
7f263b5fa000-7f263b5fe000 r--p 00029000 08:06 1449003                    /usr/lib/jvm/java-11-openjdk-amd64/lib/libsunec.so
7f263b5fe000-7f263b600000 rw-p 0002d000 08:06 1449003                    /usr/lib/jvm/java-11-openjdk-amd64/lib/libsunec.so
7f263b600000-7f263b800000 rw-p 00000000 00:00 0 
7f263b800000-7f263ba00000 rw-p 00000000 00:00 0 
7f263ba00000-7f263bc00000 rw-p 00000000 00:00 0 
7f263bc00000-7f263be00000 rw-p 00000000 00:00 0 
7f263be00000-7f263c000000 rw-p 00000000 00:00 0 
7f263c000000-7f263c021000 rw-p 00000000 00:00 0 
7f263c021000-7f2640000000 ---p 00000000 00:00 0 
7f2640000000-7f2640034000 rw-p 00000000 00:00 0 
7f2640034000-7f2644000000 ---p 00000000 00:00 0 
7f2644000000-7f2644021000 rw-p 00000000 00:00 0 
7f2644021000-7f2648000000 ---p 00000000 00:00 0 
7f2648000000-7f2648021000 rw-p 00000000 00:00 0 
7f2648021000-7f264c000000 ---p 00000000 00:00 0 
7f264c000000-7f264db64000 rw-p 00000000 00:00 0 
7f264db64000-7f2650000000 ---p 00000000 00:00 0 
7f2650000000-7f2650021000 rw-p 00000000 00:00 0 
7f2650021000-7f